<?xml version="1.0" encoding="UTF-8"?>
<coverage generated="1678985856352" clover="3.2.0">
  <project timestamp="1678985856352" name="All files">
    <metrics statements="12" coveredstatements="12" conditionals="0" coveredconditionals="0" methods="2" coveredmethods="2" elements="14" coveredelements="14" complexity="0" loc="12" ncloc="12" packages="1" files="2" classes="2"/>
    <file name="app.tsx" path="/Users/ericayoung/Desktop/GRACE HOPPER/Senior_phase/Capstone/memorymarker/src/app.tsx">
      <metrics statements="7" coveredstatements="7" conditionals="0" coveredconditionals="0" methods="2" coveredmethods="2"/>
      <line num="3" count="2" type="stmt"/>
      <line num="5" count="2" type="stmt"/>
      <line num="7" count="2" type="stmt"/>
      <line num="9" count="2" type="stmt"/>
      <line num="10" count="2" type="stmt"/>
      <line num="11" count="1" type="stmt"/>
      <line num="30" count="2" type="stmt"/>
    </file>
    <file name="index.tsx" path="/Users/ericayoung/Desktop/GRACE HOPPER/Senior_phase/Capstone/memorymarker/src/index.tsx">
      <metrics statements="5" coveredstatements="5" conditionals="0" coveredconditionals="0" methods="0" coveredmethods="0"/>
      <line num="1" count="1" type="stmt"/>
      <line num="3" count="1" type="stmt"/>
      <line num="5" count="1" type="stmt"/>
      <line num="7" count="1" type="stmt"/>
      <line num="8" count="1" type="stmt"/>
    </file>
  </project>
</coverage>
