{"/Users/ericayoung/Desktop/GRACE HOPPER/Senior_phase/Capstone/memorymarker/src/app.tsx": {"path":"/Users/ericayoung/Desktop/GRACE HOPPER/Senior_phase/Capstone/memorymarker/src/app.tsx","statementMap":{"0":{"start":{"line":3,"column":0},"end":{"line":3,"column":26}},"1":{"start":{"line":5,"column":0},"end":{"line":5,"column":19}},"2":{"start":{"line":7,"column":0},"end":{"line":7,"column":36}},"3":{"start":{"line":9,"column":0},"end":{"line":9,"column":null}},"4":{"start":{"line":9,"column":33},"end":{"line":9,"column":38}},"5":{"start":{"line":10,"column":2},"end":{"line":29,"column":null}},"6":{"start":{"line":11,"column":4},"end":{"line":28,"column":6}},"7":{"start":{"line":30,"column":0},"end":{"line":30,"column":null}}},"fnMap":{"0":{"name":"(anonymous_9)","decl":{"start":{"line":9,"column":0},"end":{"line":9,"column":33}},"loc":{"start":{"line":9,"column":0},"end":{"line":30,"column":null}}},"1":{"name":"(anonymous_11)","decl":{"start":{"line":10,"column":2},"end":{"line":10,"column":8}},"loc":{"start":{"line":10,"column":2},"end":{"line":29,"column":3}}}},"branchMap":{},"s":{"0":2,"1":2,"2":2,"3":2,"4":2,"5":2,"6":1,"7":2},"f":{"0":3,"1":1},"b":{}}
,"/Users/ericayoung/Desktop/GRACE HOPPER/Senior_phase/Capstone/memorymarker/src/index.tsx": {"path":"/Users/ericayoung/Desktop/GRACE HOPPER/Senior_phase/Capstone/memorymarker/src/index.tsx","statementMap":{"0":{"start":{"line":1,"column":0},"end":{"line":1,"column":40}},"1":{"start":{"line":3,"column":0},"end":{"line":3,"column":21}},"2":{"start":{"line":5,"column":0},"end":{"line":5,"column":24}},"3":{"start":{"line":7,"column":13},"end":{"line":7,"column":80}},"4":{"start":{"line":8,"column":0},"end":{"line":8,"column":21}}},"fnMap":{},"branchMap":{},"s":{"0":1,"1":1,"2":1,"3":1,"4":1},"f":{},"b":{}}
}
